g:\системное программирование\v0.21\dll_cpp\dll_cpp\debug\dll_cpp.pch
g:\системное программирование\v0.21\dll_cpp\dll_cpp\debug\vc142.pdb
g:\системное программирование\v0.21\dll_cpp\dll_cpp\debug\vc142.idb
g:\системное программирование\v0.21\dll_cpp\dll_cpp\debug\pch.obj
g:\системное программирование\v0.21\dll_cpp\dll_cpp\debug\source.obj
g:\системное программирование\v0.21\dll_cpp\dll_cpp\debug\dllmain.obj
e:\systemprogramming\dll_cpp\debug\dll_cpp.lib
e:\systemprogramming\dll_cpp\debug\dll_cpp.exp
g:\системное программирование\v0.21\dll_cpp\debug\dll_cpp.lib
g:\системное программирование\v0.21\dll_cpp\debug\dll_cpp.exp
g:\системное программирование\v0.21\dll_cpp\dll_cpp\debug\dll_cpp.ilk
g:\системное программирование\v0.21\dll_cpp\debug\dll_cpp.dll
g:\системное программирование\v0.21\dll_cpp\debug\dll_cpp.pdb
g:\системное программирование\v0.21\dll_cpp\dll_cpp\debug\vc143.idb
g:\системное программирование\v0.21\dll_cpp\dll_cpp\debug\vc143.pdb
g:\системное программирование\v0.21\dll_cpp\dll_cpp\debug\dll_cpp.tlog\cl.command.1.tlog
g:\системное программирование\v0.21\dll_cpp\dll_cpp\debug\dll_cpp.tlog\cl.read.1.tlog
g:\системное программирование\v0.21\dll_cpp\dll_cpp\debug\dll_cpp.tlog\cl.write.1.tlog
g:\системное программирование\v0.21\dll_cpp\dll_cpp\debug\dll_cpp.tlog\dll_cpp.write.1u.tlog
g:\системное программирование\v0.21\dll_cpp\dll_cpp\debug\dll_cpp.tlog\link.command.1.tlog
g:\системное программирование\v0.21\dll_cpp\dll_cpp\debug\dll_cpp.tlog\link.delete.1.tlog
g:\системное программирование\v0.21\dll_cpp\dll_cpp\debug\dll_cpp.tlog\link.read.1.tlog
g:\системное программирование\v0.21\dll_cpp\dll_cpp\debug\dll_cpp.tlog\link.write.1.tlog
